<?xml version="1.0" encoding="UTF-8"?>
<!-- Generated by org.testng.reporters.JUnitXMLReporter -->
<testsuite ignored="0" hostname="Nishanth" failures="1" tests="10" name="Surefire test" time="295.995" errors="0" timestamp="2020-09-28T23:19:34 IST">
  <testcase classname="com.freecrm.qa.testcases.HomePageTest" name="@BeforeMethod setUp" time="23.804">
    <failure type="org.openqa.selenium.WebDriverException" message="Timed out waiting for driver server to start.
Build info: version: &amp;apos;3.141.59&amp;apos;, revision: &amp;apos;e82be7d358&amp;apos;, time: &amp;apos;2018-11-14T08:17:03&amp;apos;
System info: host: &amp;apos;NISHANTH&amp;apos;, ip: &amp;apos;192.168.18.25&amp;apos;, os.name: &amp;apos;Windows 8.1&amp;apos;, os.arch: &amp;apos;amd64&amp;apos;, os.version: &amp;apos;6.3&amp;apos;, java.version: &amp;apos;11.0.8&amp;apos;
Driver info: driver.version: ChromeDriver">
      <![CDATA[org.openqa.selenium.WebDriverException: Timed out waiting for driver server to start.
Build info: version: '3.141.59', revision: 'e82be7d358', time: '2018-11-14T08:17:03'
System info: host: 'NISHANTH', ip: '192.168.18.25', os.name: 'Windows 8.1', os.arch: 'amd64', os.version: '6.3', java.version: '11.0.8'
Driver info: driver.version: ChromeDriver
at org.openqa.selenium.remote.service.DriverService.waitUntilAvailable(DriverService.java:202)
at org.openqa.selenium.remote.service.DriverService.start(DriverService.java:188)
at org.openqa.selenium.remote.service.DriverCommandExecutor.execute(DriverCommandExecutor.java:79)
at org.openqa.selenium.remote.RemoteWebDriver.execute(RemoteWebDriver.java:552)
at org.openqa.selenium.remote.RemoteWebDriver.startSession(RemoteWebDriver.java:213)
at org.openqa.selenium.remote.RemoteWebDriver.<init>(RemoteWebDriver.java:131)
at org.openqa.selenium.chrome.ChromeDriver.<init>(ChromeDriver.java:181)
at org.openqa.selenium.chrome.ChromeDriver.<init>(ChromeDriver.java:168)
at org.openqa.selenium.chrome.ChromeDriver.<init>(ChromeDriver.java:123)
at com.freecrm.qa.testbase.TestBase.initialization(TestBase.java:46)
at com.freecrm.qa.testcases.HomePageTest.setUp(HomePageTest.java:30)
at java.base/java.util.ArrayList.forEach(ArrayList.java:1541)
Caused by: org.openqa.selenium.net.UrlChecker$TimeoutException: Timed out waiting for [http://localhost:18237/status] to be available after 20005 ms
at org.openqa.selenium.net.UrlChecker.waitUntilAvailable(UrlChecker.java:100)
at org.openqa.selenium.remote.service.DriverService.waitUntilAvailable(DriverService.java:197)
... 47 more
Caused by: java.util.concurrent.TimeoutException
at java.base/java.util.concurrent.FutureTask.get(FutureTask.java:204)
at com.google.common.util.concurrent.SimpleTimeLimiter.callWithTimeout(SimpleTimeLimiter.java:156)
at org.openqa.selenium.net.UrlChecker.waitUntilAvailable(UrlChecker.java:75)
... 48 more
... Removed 36 stack frames]]>
    </failure>
  </testcase> <!-- @BeforeMethod setUp -->
  <testcase classname="com.freecrm.qa.testcases.HomePageTest" name="@AfterMethod tearDown" time="-1.601315102492E9">
    <skipped/>
  </testcase> <!-- @AfterMethod tearDown -->
  <testcase classname="com.freecrm.qa.testcases.HomePageTest" name="@BeforeMethod setUp" time="-1.601315102496E9">
    <skipped/>
  </testcase> <!-- @BeforeMethod setUp -->
  <testcase classname="com.freecrm.qa.testcases.HomePageTest" name="@AfterMethod tearDown" time="-1.601315102497E9">
    <skipped/>
  </testcase> <!-- @AfterMethod tearDown -->
  <testcase classname="com.freecrm.qa.testcases.HomePageTest" name="@BeforeMethod setUp" time="-1.601315102498E9">
    <skipped/>
  </testcase> <!-- @BeforeMethod setUp -->
  <testcase classname="com.freecrm.qa.testcases.HomePageTest" name="@AfterMethod tearDown" time="-1.601315102499E9">
    <skipped/>
  </testcase> <!-- @AfterMethod tearDown -->
  <testcase classname="com.freecrm.qa.testcases.HomePageTest" name="@BeforeMethod setUp" time="-1.601315112081E9">
    <skipped/>
  </testcase> <!-- @BeforeMethod setUp -->
  <testcase classname="com.freecrm.qa.testcases.HomePageTest" name="@AfterMethod tearDown" time="-1.601315112083E9">
    <skipped/>
  </testcase> <!-- @AfterMethod tearDown -->
  <testcase classname="com.freecrm.qa.testcases.HomePageTest" name="@BeforeMethod setUp" time="-1.601315112085E9">
    <skipped/>
  </testcase> <!-- @BeforeMethod setUp -->
  <testcase classname="com.freecrm.qa.testcases.HomePageTest" name="@AfterMethod tearDown" time="-1.601315112085E9">
    <skipped/>
  </testcase> <!-- @AfterMethod tearDown -->
  <testcase classname="com.freecrm.qa.testcases.HomePageTest" name="@BeforeMethod setUp" time="-1.601315112087E9">
    <skipped/>
  </testcase> <!-- @BeforeMethod setUp -->
  <testcase classname="com.freecrm.qa.testcases.HomePageTest" name="@AfterMethod tearDown" time="-1.601315112088E9">
    <skipped/>
  </testcase> <!-- @AfterMethod tearDown -->
  <testcase classname="com.freecrm.qa.testcases.WomensPageTest" name="@BeforeMethod setUp" time="19.962">
    <failure type="org.openqa.selenium.NoSuchElementException" message="no such element: Unable to locate element: {&amp;quot;method&amp;quot;:&amp;quot;xpath&amp;quot;,&amp;quot;selector&amp;quot;:&amp;quot;//input[@id=&amp;apos;email&amp;apos;]&amp;quot;}
  (Session info: chrome=85.0.4183.121)
For documentation on this error, please visit: https://www.seleniumhq.org/exceptions/no_such_element.html
Build info: version: &amp;apos;3.141.59&amp;apos;, revision: &amp;apos;e82be7d358&amp;apos;, time: &amp;apos;2018-11-14T08:17:03&amp;apos;
System info: host: &amp;apos;NISHANTH&amp;apos;, ip: &amp;apos;192.168.18.25&amp;apos;, os.name: &amp;apos;Windows 8.1&amp;apos;, os.arch: &amp;apos;amd64&amp;apos;, os.version: &amp;apos;6.3&amp;apos;, java.version: &amp;apos;11.0.8&amp;apos;
Driver info: org.openqa.selenium.chrome.ChromeDriver
Capabilities {acceptInsecureCerts: false, browserName: chrome, browserVersion: 85.0.4183.121, chrome: {chromedriverVersion: 84.0.4147.30 (48b3e868b4cc0..., userDataDir: C:\Users\a\AppData\Local\Te...}, goog:chromeOptions: {debuggerAddress: localhost:58162}, javascriptEnabled: true, networkConnectionEnabled: false, pageLoadStrategy: normal, platform: WINDOWS, platformName: WINDOWS, proxy: Proxy(), setWindowRect: true, strictFileInteractability: false, timeouts: {implicit: 0, pageLoad: 300000, script: 30000}, unhandledPromptBehavior: dismiss and notify, webauthn:virtualAuthenticators: true}
Session ID: 0cf3dd3d6dfd8e8de0286d8d0b09b3b5
*** Element info: {Using=xpath, value=//input[@id=&amp;apos;email&amp;apos;]}">
      <![CDATA[org.openqa.selenium.NoSuchElementException: no such element: Unable to locate element: {"method":"xpath","selector":"//input[@id='email']"}
  (Session info: chrome=85.0.4183.121)
For documentation on this error, please visit: https://www.seleniumhq.org/exceptions/no_such_element.html
Build info: version: '3.141.59', revision: 'e82be7d358', time: '2018-11-14T08:17:03'
System info: host: 'NISHANTH', ip: '192.168.18.25', os.name: 'Windows 8.1', os.arch: 'amd64', os.version: '6.3', java.version: '11.0.8'
Driver info: org.openqa.selenium.chrome.ChromeDriver
Capabilities {acceptInsecureCerts: false, browserName: chrome, browserVersion: 85.0.4183.121, chrome: {chromedriverVersion: 84.0.4147.30 (48b3e868b4cc0..., userDataDir: C:\Users\a\AppData\Local\Te...}, goog:chromeOptions: {debuggerAddress: localhost:58162}, javascriptEnabled: true, networkConnectionEnabled: false, pageLoadStrategy: normal, platform: WINDOWS, platformName: WINDOWS, proxy: Proxy(), setWindowRect: true, strictFileInteractability: false, timeouts: {implicit: 0, pageLoad: 300000, script: 30000}, unhandledPromptBehavior: dismiss and notify, webauthn:virtualAuthenticators: true}
Session ID: 0cf3dd3d6dfd8e8de0286d8d0b09b3b5
*** Element info: {Using=xpath, value=//input[@id='email']}
at org.openqa.selenium.remote.http.W3CHttpResponseCodec.createException(W3CHttpResponseCodec.java:187)
at org.openqa.selenium.remote.http.W3CHttpResponseCodec.decode(W3CHttpResponseCodec.java:122)
at org.openqa.selenium.remote.http.W3CHttpResponseCodec.decode(W3CHttpResponseCodec.java:49)
at org.openqa.selenium.remote.HttpCommandExecutor.execute(HttpCommandExecutor.java:158)
at org.openqa.selenium.remote.service.DriverCommandExecutor.execute(DriverCommandExecutor.java:83)
at org.openqa.selenium.remote.RemoteWebDriver.execute(RemoteWebDriver.java:552)
at org.openqa.selenium.remote.RemoteWebDriver.findElement(RemoteWebDriver.java:323)
at org.openqa.selenium.remote.RemoteWebDriver.findElementByXPath(RemoteWebDriver.java:428)
at org.openqa.selenium.By$ByXPath.findElement(By.java:353)
at org.openqa.selenium.remote.RemoteWebDriver.findElement(RemoteWebDriver.java:315)
at org.openqa.selenium.support.events.EventFiringWebDriver.lambda$new$1(EventFiringWebDriver.java:105)
at com.sun.proxy.$Proxy8.findElement(Unknown Source)
at org.openqa.selenium.support.events.EventFiringWebDriver.findElement(EventFiringWebDriver.java:194)
at org.openqa.selenium.support.pagefactory.DefaultElementLocator.findElement(DefaultElementLocator.java:69)
at org.openqa.selenium.support.pagefactory.internal.LocatingElementHandler.invoke(LocatingElementHandler.java:38)
at com.sun.proxy.$Proxy12.sendKeys(Unknown Source)
at com.freecrm.qa.pages.LoginPage.login(LoginPage.java:55)
at com.freecrm.qa.testcases.WomensPageTest.setUp(WomensPageTest.java:29)
at java.base/java.util.ArrayList.forEach(ArrayList.java:1541)
... Removed 44 stack frames]]>
    </failure>
  </testcase> <!-- @BeforeMethod setUp -->
  <testcase classname="com.freecrm.qa.testcases.WomensPageTest" name="@AfterMethod tearDown" time="-1.601315374376E9">
    <skipped/>
  </testcase> <!-- @AfterMethod tearDown -->
  <testcase classname="com.freecrm.qa.testcases.HomePageTest" name="homePageTitleTest" time="0.0">
    <skipped/>
  </testcase> <!-- homePageTitleTest -->
  <testcase classname="com.freecrm.qa.testcases.HomePageTest" name="AccountNameLabelTest" time="0.0">
    <skipped/>
  </testcase> <!-- AccountNameLabelTest -->
  <testcase classname="com.freecrm.qa.testcases.HomePageTest" name="clickOnWomensLink" time="0.0">
    <skipped/>
  </testcase> <!-- clickOnWomensLink -->
  <testcase classname="com.freecrm.qa.testcases.HomePageTest" name="addNewAddress" time="0.0">
    <skipped/>
  </testcase> <!-- addNewAddress -->
  <testcase classname="com.freecrm.qa.testcases.HomePageTest" name="addNewAddress" time="0.0">
    <skipped/>
  </testcase> <!-- addNewAddress -->
  <testcase classname="com.freecrm.qa.testcases.HomePageTest" name="addNewAddress" time="0.0">
    <skipped/>
  </testcase> <!-- addNewAddress -->
  <testcase classname="com.freecrm.qa.testcases.LoginPageTest" name="loginPageTitleTest" time="10.367"/>
  <testcase classname="com.freecrm.qa.testcases.LoginPageTest" name="loginLogoTest" time="2.93"/>
  <testcase classname="com.freecrm.qa.testcases.LoginPageTest" name="login" time="2.9">
    <failure type="org.openqa.selenium.NoSuchElementException" message="no such element: Unable to locate element: {&amp;quot;method&amp;quot;:&amp;quot;xpath&amp;quot;,&amp;quot;selector&amp;quot;:&amp;quot;//input[@id=&amp;apos;email&amp;apos;]&amp;quot;}
  (Session info: chrome=85.0.4183.121)
For documentation on this error, please visit: https://www.seleniumhq.org/exceptions/no_such_element.html
Build info: version: &amp;apos;3.141.59&amp;apos;, revision: &amp;apos;e82be7d358&amp;apos;, time: &amp;apos;2018-11-14T08:17:03&amp;apos;
System info: host: &amp;apos;NISHANTH&amp;apos;, ip: &amp;apos;192.168.18.25&amp;apos;, os.name: &amp;apos;Windows 8.1&amp;apos;, os.arch: &amp;apos;amd64&amp;apos;, os.version: &amp;apos;6.3&amp;apos;, java.version: &amp;apos;11.0.8&amp;apos;
Driver info: org.openqa.selenium.chrome.ChromeDriver
Capabilities {acceptInsecureCerts: false, browserName: chrome, browserVersion: 85.0.4183.121, chrome: {chromedriverVersion: 84.0.4147.30 (48b3e868b4cc0..., userDataDir: C:\Users\a\AppData\Local\Te...}, goog:chromeOptions: {debuggerAddress: localhost:58084}, javascriptEnabled: true, networkConnectionEnabled: false, pageLoadStrategy: normal, platform: WINDOWS, platformName: WINDOWS, proxy: Proxy(), setWindowRect: true, strictFileInteractability: false, timeouts: {implicit: 0, pageLoad: 300000, script: 30000}, unhandledPromptBehavior: dismiss and notify, webauthn:virtualAuthenticators: true}
Session ID: d828881b1865f92981bc16e485af5dee
*** Element info: {Using=xpath, value=//input[@id=&amp;apos;email&amp;apos;]}">
      <![CDATA[org.openqa.selenium.NoSuchElementException: no such element: Unable to locate element: {"method":"xpath","selector":"//input[@id='email']"}
  (Session info: chrome=85.0.4183.121)
For documentation on this error, please visit: https://www.seleniumhq.org/exceptions/no_such_element.html
Build info: version: '3.141.59', revision: 'e82be7d358', time: '2018-11-14T08:17:03'
System info: host: 'NISHANTH', ip: '192.168.18.25', os.name: 'Windows 8.1', os.arch: 'amd64', os.version: '6.3', java.version: '11.0.8'
Driver info: org.openqa.selenium.chrome.ChromeDriver
Capabilities {acceptInsecureCerts: false, browserName: chrome, browserVersion: 85.0.4183.121, chrome: {chromedriverVersion: 84.0.4147.30 (48b3e868b4cc0..., userDataDir: C:\Users\a\AppData\Local\Te...}, goog:chromeOptions: {debuggerAddress: localhost:58084}, javascriptEnabled: true, networkConnectionEnabled: false, pageLoadStrategy: normal, platform: WINDOWS, platformName: WINDOWS, proxy: Proxy(), setWindowRect: true, strictFileInteractability: false, timeouts: {implicit: 0, pageLoad: 300000, script: 30000}, unhandledPromptBehavior: dismiss and notify, webauthn:virtualAuthenticators: true}
Session ID: d828881b1865f92981bc16e485af5dee
*** Element info: {Using=xpath, value=//input[@id='email']}
at org.openqa.selenium.remote.http.W3CHttpResponseCodec.createException(W3CHttpResponseCodec.java:187)
at org.openqa.selenium.remote.http.W3CHttpResponseCodec.decode(W3CHttpResponseCodec.java:122)
at org.openqa.selenium.remote.http.W3CHttpResponseCodec.decode(W3CHttpResponseCodec.java:49)
at org.openqa.selenium.remote.HttpCommandExecutor.execute(HttpCommandExecutor.java:158)
at org.openqa.selenium.remote.service.DriverCommandExecutor.execute(DriverCommandExecutor.java:83)
at org.openqa.selenium.remote.RemoteWebDriver.execute(RemoteWebDriver.java:552)
at org.openqa.selenium.remote.RemoteWebDriver.findElement(RemoteWebDriver.java:323)
at org.openqa.selenium.remote.RemoteWebDriver.findElementByXPath(RemoteWebDriver.java:428)
at org.openqa.selenium.By$ByXPath.findElement(By.java:353)
at org.openqa.selenium.remote.RemoteWebDriver.findElement(RemoteWebDriver.java:315)
at org.openqa.selenium.support.events.EventFiringWebDriver.lambda$new$1(EventFiringWebDriver.java:105)
at com.sun.proxy.$Proxy8.findElement(Unknown Source)
at org.openqa.selenium.support.events.EventFiringWebDriver.findElement(EventFiringWebDriver.java:194)
at org.openqa.selenium.support.pagefactory.DefaultElementLocator.findElement(DefaultElementLocator.java:69)
at org.openqa.selenium.support.pagefactory.internal.LocatingElementHandler.invoke(LocatingElementHandler.java:38)
at com.sun.proxy.$Proxy12.sendKeys(Unknown Source)
at com.freecrm.qa.pages.LoginPage.login(LoginPage.java:55)
at com.freecrm.qa.testcases.LoginPageTest.login(LoginPageTest.java:48)
at java.base/java.util.ArrayList.forEach(ArrayList.java:1541)
... Removed 40 stack frames]]>
    </failure>
  </testcase> <!-- login -->
  <testcase classname="com.freecrm.qa.testcases.WomensPageTest" name="womensPageTitleTest" time="0.0">
    <skipped/>
  </testcase> <!-- womensPageTitleTest -->
</testsuite> <!-- Surefire test -->
